* T T C C A G T T C C G C C C A G T G A C G T A G G A A G T C C A T C C A T T C A C A G C G C T T C T A T A A A G G C G  
C     * *         * *   * * *           *                   * *     * *       *   *     *   *     *                 *     
C     * *         * *   * * *           *                   * *     * *       *   *     *   *     *                 *     
C     * *         * *   * * *           *                   * *     * *       *   *     *   *     *                 *     
G           *         *         *   *     *     * *     *                             *   *                     * *   *   
G           *         *         *   *     *     * *     *                             *   *                     * *   *   
G           *         *         *   *     *     * *     *                             *   *                     * *   *   
T * *         * *                 *         *             *       *       * *                 * *   *   *                 
C     * *         * *   * * *           *                   * *     * *       *   *     *   *     *                 *     
T * *         * *                 *         *             *       *       * *                 * *   *   *                 
C     * *         * *   * * *           *                   * *     * *       *   *     *   *     *                 *     
A         *                   *       *       *     * *         *       *       *   *                 *   * * *           
T * *         * *                 *         *             *       *       * *                 * *   *   *                 
C     * *         * *   * * *           *                   * *     * *       *   *     *   *     *                 *     
C     * *         * *   * * *           *                   * *     * *       *   *     *   *     *                 *     
C     * *         * *   * * *           *                   * *     * *       *   *     *   *     *                 *     
T * *         * *                 *         *             *       *       * *                 * *   *   *                 
T * *         * *                 *         *             *       *       * *                 * *   *   *                 
G           *         *         *   *     *     * *     *                             *   *                     * *   *   
A         *                   *       *       *     * *         *       *       *   *                 *   * * *           
C     * *         * *   * * *           *                   * *     * *       *   *     *   *     *                 *     
C     * *         * *   * * *           *                   * *     * *       *   *     *   *     *                 *     
C     * *         * *   * * *           *                   * *     * *       *   *     *   *     *                 *     
T * *         * *                 *         *             *       *       * *                 * *   *   *                 
G           *         *         *   *     *     * *     *                             *   *                     * *   *   
G           *         *         *   *     *     * *     *                             *   *                     * *   *   
G           *         *         *   *     *     * *     *                             *   *                     * *   *   
A         *                   *       *       *     * *         *       *       *   *                 *   * * *           
A         *                   *       *       *     * *         *       *       *   *                 *   * * *           
C     * *         * *   * * *           *                   * *     * *       *   *     *   *     *                 *     
C     * *         * *   * * *           *                   * *     * *       *   *     *   *     *                 *     
G           *         *         *   *     *     * *     *                             *   *                     * *   *   
G           *         *         *   *     *     * *     *                             *   *                     * *   *   
G           *         *         *   *     *     * *     *                             *   *                     * *   *   
T * *         * *                 *         *             *       *       * *                 * *   *   *                 
C     * *         * *   * * *           *                   * *     * *       *   *     *   *     *                 *     
C     * *         * *   * * *           *                   * *     * *       *   *     *   *     *                 *     
A         *                   *       *       *     * *         *       *       *   *                 *   * * *           
C     * *         * *   * * *           *                   * *     * *       *   *     *   *     *                 *     
A         *                   *       *       *     * *         *       *       *   *                 *   * * *           
T * *         * *                 *         *             *       *       * *                 * *   *   *                 
T * *         * *                 *         *             *       *       * *                 * *   *   *                 
G           *         *         *   *     *     * *     *                             *   *                     * *   *   
A         *                   *       *       *     * *         *       *       *   *                 *   * * *           
A         *                   *       *       *     * *         *       *       *   *                 *   * * *           
T * *         * *                 *         *             *       *       * *                 * *   *   *                 
C     * *         * *   * * *           *                   * *     * *       *   *     *   *     *                 *     
A         *                   *       *       *     * *         *       *       *   *                 *   * * *           
G           *         *         *   *     *     * *     *                             *   *                     * *   *   
G           *         *         *   *     *     * *     *                             *   *                     * *   *   
T * *         * *                 *         *             *       *       * *                 * *   *   *                 
G           *         *         *   *     *     * *     *                             *   *                     * *   *   
C     * *         * *   * * *           *                   * *     * *       *   *     *   *     *                 *     
G           *         *         *   *     *     * *     *                             *   *                     * *   *   
A         *                   *       *       *     * *         *       *       *   *                 *   * * *           
A         *                   *       *       *     * *         *       *       *   *                 *   * * *           
T * *         * *                 *         *             *       *       * *                 * *   *   *                 
G           *         *         *   *     *     * *     *                             *   *                     * *   *   
T * *         * *                 *         *             *       *       * *                 * *   *   *                 
T * *         * *                 *         *             *       *       * *                 * *   *   *                 
                                                                                                                       * 
