* A C C C G G G T C T C A T C C C T T G A C C C T G G G A A C C G G G T C C A C A T T G A A T C A G G T G C G A A T G T T 
A *                     *               *               * *                 *   *       * *     *             * *         
C   * * *         *   *     * * *         * * *             * *         * *   *               *           *               
C   * * *         *   *     * * *         * * *             * *         * *   *               *           *               
C   * * *         *   *     * * *         * * *             * *         * *   *               *           *               
G         * * *                       *           * * *         * * *                 *           * *   *   *       *     
G         * * *                       *           * * *         * * *                 *           * *   *   *       *     
G         * * *                       *           * * *         * * *                 *           * *   *   *       *     
T               *   *     *       * *           *                     *           * *       *         *           *   * * 
C   * * *         *   *     * * *         * * *             * *         * *   *               *           *               
T               *   *     *       * *           *                     *           * *       *         *           *   * * 
C   * * *         *   *     * * *         * * *             * *         * *   *               *           *               
A *                     *               *               * *                 *   *       * *     *             * *         
T               *   *     *       * *           *                     *           * *       *         *           *   * * 
C   * * *         *   *     * * *         * * *             * *         * *   *               *           *               
C   * * *         *   *     * * *         * * *             * *         * *   *               *           *               
C   * * *         *   *     * * *         * * *             * *         * *   *               *           *               
T               *   *     *       * *           *                     *           * *       *         *           *   * * 
T               *   *     *       * *           *                     *           * *       *         *           *   * * 
G         * * *                       *           * * *         * * *                 *           * *   *   *       *     
A *                     *               *               * *                 *   *       * *     *             * *         
C   * * *         *   *     * * *         * * *             * *         * *   *               *           *               
C   * * *         *   *     * * *         * * *             * *         * *   *               *           *               
C   * * *         *   *     * * *         * * *             * *         * *   *               *           *               
T               *   *     *       * *           *                     *           * *       *         *           *   * * 
G         * * *                       *           * * *         * * *                 *           * *   *   *       *     
G         * * *                       *           * * *         * * *                 *           * *   *   *       *     
G         * * *                       *           * * *         * * *                 *           * *   *   *       *     
A *                     *               *               * *                 *   *       * *     *             * *         
A *                     *               *               * *                 *   *       * *     *             * *         
C   * * *         *   *     * * *         * * *             * *         * *   *               *           *               
C   * * *         *   *     * * *         * * *             * *         * *   *               *           *               
G         * * *                       *           * * *         * * *                 *           * *   *   *       *     
G         * * *                       *           * * *         * * *                 *           * *   *   *       *     
G         * * *                       *           * * *         * * *                 *           * *   *   *       *     
T               *   *     *       * *           *                     *           * *       *         *           *   * * 
C   * * *         *   *     * * *         * * *             * *         * *   *               *           *               
C   * * *         *   *     * * *         * * *             * *         * *   *               *           *               
A *                     *               *               * *                 *   *       * *     *             * *         
C   * * *         *   *     * * *         * * *             * *         * *   *               *           *               
A *                     *               *               * *                 *   *       * *     *             * *         
T               *   *     *       * *           *                     *           * *       *         *           *   * * 
T               *   *     *       * *           *                     *           * *       *         *           *   * * 
G         * * *                       *           * * *         * * *                 *           * *   *   *       *     
A *                     *               *               * *                 *   *       * *     *             * *         
A *                     *               *               * *                 *   *       * *     *             * *         
T               *   *     *       * *           *                     *           * *       *         *           *   * * 
C   * * *         *   *     * * *         * * *             * *         * *   *               *           *               
A *                     *               *               * *                 *   *       * *     *             * *         
G         * * *                       *           * * *         * * *                 *           * *   *   *       *     
G         * * *                       *           * * *         * * *                 *           * *   *   *       *     
T               *   *     *       * *           *                     *           * *       *         *           *   * * 
G         * * *                       *           * * *         * * *                 *           * *   *   *       *     
C   * * *         *   *     * * *         * * *             * *         * *   *               *           *               
G         * * *                       *           * * *         * * *                 *           * *   *   *       *     
A *                     *               *               * *                 *   *       * *     *             * *         
A *                     *               *               * *                 *   *       * *     *             * *         
T               *   *     *       * *           *                     *           * *       *         *           *   * * 
G         * * *                       *           * * *         * * *                 *           * *   *   *       *     
T               *   *     *       * *           *                     *           * *       *         *           *   * * 
T               *   *     *       * *           *                     *           * *       *         *           *   * * 
