* T T T A C A C A G G A T G T C C A T A T T A G G A C A T C T G C G T C A G C A G G T T T C C A C G G C C G G T C C C T G 
A       *   *   *     *           *   *     *     *   *                 *     *               *                           
A       *   *   *     *           *   *     *     *   *                 *     *               *                           
G                 * *     *                   * *             *   *       *     * *               * *     * *           * 
A       *   *   *     *           *   *     *     *   *                 *     *               *                           
T * * *                 *   *       *   * *             *   *       *               * * *                     *       *   
C         *   *               * *                   *     *     *     *     *             * *   *     * *       * * *     
C         *   *               * *                   *     *     *     *     *             * *   *     * *       * * *     
C         *   *               * *                   *     *     *     *     *             * *   *     * *       * * *     
A       *   *   *     *           *   *     *     *   *                 *     *               *                           
A       *   *   *     *           *   *     *     *   *                 *     *               *                           
A       *   *   *     *           *   *     *     *   *                 *     *               *                           
T * * *                 *   *       *   * *             *   *       *               * * *                     *       *   
G                 * *     *                   * *             *   *       *     * *               * *     * *           * 
T * * *                 *   *       *   * *             *   *       *               * * *                     *       *   
G                 * *     *                   * *             *   *       *     * *               * *     * *           * 
A       *   *   *     *           *   *     *     *   *                 *     *               *                           
A       *   *   *     *           *   *     *     *   *                 *     *               *                           
C         *   *               * *                   *     *     *     *     *             * *   *     * *       * * *     
A       *   *   *     *           *   *     *     *   *                 *     *               *                           
C         *   *               * *                   *     *     *     *     *             * *   *     * *       * * *     
T * * *                 *   *       *   * *             *   *       *               * * *                     *       *   
C         *   *               * *                   *     *     *     *     *             * *   *     * *       * * *     
A       *   *   *     *           *   *     *     *   *                 *     *               *                           
T * * *                 *   *       *   * *             *   *       *               * * *                     *       *   
A       *   *   *     *           *   *     *     *   *                 *     *               *                           
G                 * *     *                   * *             *   *       *     * *               * *     * *           * 
G                 * *     *                   * *             *   *       *     * *               * *     * *           * 
T * * *                 *   *       *   * *             *   *       *               * * *                     *       *   
G                 * *     *                   * *             *   *       *     * *               * *     * *           * 
A       *   *   *     *           *   *     *     *   *                 *     *               *                           
A       *   *   *     *           *   *     *     *   *                 *     *               *                           
A       *   *   *     *           *   *     *     *   *                 *     *               *                           
G                 * *     *                   * *             *   *       *     * *               * *     * *           * 
A       *   *   *     *           *   *     *     *   *                 *     *               *                           
T * * *                 *   *       *   * *             *   *       *               * * *                     *       *   
G                 * *     *                   * *             *   *       *     * *               * *     * *           * 
T * * *                 *   *       *   * *             *   *       *               * * *                     *       *   
A       *   *   *     *           *   *     *     *   *                 *     *               *                           
T * * *                 *   *       *   * *             *   *       *               * * *                     *       *   
G                 * *     *                   * *             *   *       *     * *               * *     * *           * 
C         *   *               * *                   *     *     *     *     *             * *   *     * *       * * *     
G                 * *     *                   * *             *   *       *     * *               * *     * *           * 
A       *   *   *     *           *   *     *     *   *                 *     *               *                           
A       *   *   *     *           *   *     *     *   *                 *     *               *                           
G                 * *     *                   * *             *   *       *     * *               * *     * *           * 
A       *   *   *     *           *   *     *     *   *                 *     *               *                           
C         *   *               * *                   *     *     *     *     *             * *   *     * *       * * *     
G                 * *     *                   * *             *   *       *     * *               * *     * *           * 
G                 * *     *                   * *             *   *       *     * *               * *     * *           * 
G                 * *     *                   * *             *   *       *     * *               * *     * *           * 
G                 * *     *                   * *             *   *       *     * *               * *     * *           * 
G                 * *     *                   * *             *   *       *     * *               * *     * *           * 
T * * *                 *   *       *   * *             *   *       *               * * *                     *       *   
T * * *                 *   *       *   * *             *   *       *               * * *                     *       *   
G                 * *     *                   * *             *   *       *     * *               * *     * *           * 
A       *   *   *     *           *   *     *     *   *                 *     *               *                           
A       *   *   *     *           *   *     *     *   *                 *     *               *                           
A       *   *   *     *           *   *     *     *   *                 *     *               *                           
G                 * *     *                   * *             *   *       *     * *               * *     * *           * 
C         *   *               * *                   *     *     *     *     *             * *   *     * *       * * *     
